This file contains any messages produced by compilers while
running configure, to aid debugging if configure makes a mistake.

It was created by until configure 1.0, which was
generated by GNU Autoconf 2.69.  Invocation command line was

  $ ./configure --prefix=/opt/beneschtech/installtest --no-create --no-recursion

## --------- ##
## Platform. ##
## --------- ##

hostname = workstation01
uname -m = x86_64
uname -r = 5.2.7-100.fc29.x86_64
uname -s = Linux
uname -v = #1 SMP Thu Aug 8 05:30:19 UTC 2019

/usr/bin/uname -p = x86_64
/bin/uname -X     = unknown

/bin/arch              = x86_64
/usr/bin/arch -k       = unknown
/usr/convex/getsysinfo = unknown
/usr/bin/hostinfo      = unknown
/bin/machine           = unknown
/usr/bin/oslevel       = unknown
/bin/universe          = unknown

PATH: /opt/ruby/bin
PATH: /home/chris/bin
PATH: /usr/lib64/ccache
PATH: /opt/build/bin
PATH: /usr/local/bin
PATH: /usr/bin
PATH: /bin
PATH: /usr/local/sbin
PATH: /usr/sbin
PATH: /sbin
PATH: /opt/leads/config
PATH: /opt/leads/src/sprint/build/Debug64/bin


## ----------- ##
## Core tests. ##
## ----------- ##

configure:2241: checking for a BSD-compatible install
configure:2309: result: /usr/bin/install -c
configure:2320: checking whether build environment is sane
configure:2375: result: yes
configure:2526: checking for a thread-safe mkdir -p
configure:2565: result: /usr/bin/mkdir -p
configure:2572: checking for gawk
configure:2588: found /usr/bin/gawk
configure:2599: result: gawk
configure:2610: checking whether make sets $(MAKE)
configure:2632: result: yes
configure:2661: checking whether make supports nested variables
configure:2678: result: yes
configure:2852: checking for gcc
configure:2868: found /usr/lib64/ccache/gcc
configure:2879: result: gcc
configure:3108: checking for C compiler version
configure:3117: gcc --version >&5
gcc (GCC) 8.3.1 20190223 (Red Hat 8.3.1-2)
Copyright (C) 2018 Free Software Foundation, Inc.
This is free software; see the source for copying conditions.  There is NO
warranty; not even for MERCHANTABILITY or FITNESS FOR A PARTICULAR PURPOSE.

configure:3128: $? = 0
configure:3117: gcc -v >&5
Using built-in specs.
COLLECT_GCC=/usr/bin/gcc
COLLECT_LTO_WRAPPER=/usr/libexec/gcc/x86_64-redhat-linux/8/lto-wrapper
OFFLOAD_TARGET_NAMES=nvptx-none
OFFLOAD_TARGET_DEFAULT=1
Target: x86_64-redhat-linux
Configured with: ../configure --enable-bootstrap --enable-languages=c,c++,fortran,objc,obj-c++,ada,go,lto --prefix=/usr --mandir=/usr/share/man --infodir=/usr/share/info --with-bugurl=http://bugzilla.redhat.com/bugzilla --enable-shared --enable-threads=posix --enable-checking=release --enable-multilib --with-system-zlib --enable-__cxa_atexit --disable-libunwind-exceptions --enable-gnu-unique-object --enable-linker-build-id --with-gcc-major-version-only --with-linker-hash-style=gnu --enable-plugin --enable-initfini-array --with-isl --enable-libmpx --enable-offload-targets=nvptx-none --without-cuda-driver --enable-gnu-indirect-function --enable-cet --with-tune=generic --with-arch_32=i686 --build=x86_64-redhat-linux
Thread model: posix
gcc version 8.3.1 20190223 (Red Hat 8.3.1-2) (GCC) 
configure:3128: $? = 0
configure:3117: gcc -V >&5
gcc: error: unrecognized command line option '-V'
gcc: fatal error: no input files
compilation terminated.
configure:3128: $? = 1
configure:3117: gcc -qversion >&5
gcc: error: unrecognized command line option '-qversion'; did you mean '--version'?
gcc: fatal error: no input files
compilation terminated.
configure:3128: $? = 1
configure:3148: checking whether the C compiler works
configure:3170: gcc    conftest.c  >&5
configure:3174: $? = 0
configure:3222: result: yes
configure:3225: checking for C compiler default output file name
configure:3227: result: a.out
configure:3233: checking for suffix of executables
configure:3240: gcc -o conftest    conftest.c  >&5
configure:3244: $? = 0
configure:3266: result: 
configure:3288: checking whether we are cross compiling
configure:3296: gcc -o conftest    conftest.c  >&5
configure:3300: $? = 0
configure:3307: ./conftest
configure:3311: $? = 0
configure:3326: result: no
configure:3331: checking for suffix of object files
configure:3353: gcc -c   conftest.c >&5
configure:3357: $? = 0
configure:3378: result: o
configure:3382: checking whether we are using the GNU C compiler
configure:3401: gcc -c   conftest.c >&5
configure:3401: $? = 0
configure:3410: result: yes
configure:3419: checking whether gcc accepts -g
configure:3439: gcc -c -g  conftest.c >&5
configure:3439: $? = 0
configure:3480: result: yes
configure:3497: checking for gcc option to accept ISO C89
configure:3560: gcc  -c -g -O2  conftest.c >&5
configure:3560: $? = 0
configure:3573: result: none needed
configure:3598: checking whether gcc understands -c and -o together
configure:3620: gcc -c conftest.c -o conftest2.o
configure:3623: $? = 0
configure:3620: gcc -c conftest.c -o conftest2.o
configure:3623: $? = 0
configure:3635: result: yes
configure:3655: checking whether make supports the include directive
configure:3670: make -f confmf.GNU && cat confinc.out
make[1]: Entering directory '/opt/beneschtech/until'
make[1]: Leaving directory '/opt/beneschtech/until'
this is the am__doit target
configure:3673: $? = 0
configure:3692: result: yes (GNU style)
configure:3717: checking dependency style of gcc
configure:3828: result: gcc3
configure:3852: checking how to run the C preprocessor
configure:3883: gcc -E  conftest.c
configure:3883: $? = 0
configure:3897: gcc -E  conftest.c
conftest.c:11:10: fatal error: ac_nonexistent.h: No such file or directory
 #include <ac_nonexistent.h>
          ^~~~~~~~~~~~~~~~~~
compilation terminated.
configure:3897: $? = 1
configure: failed program was:
| /* confdefs.h */
| #define PACKAGE_NAME "until"
| #define PACKAGE_TARNAME "until"
| #define PACKAGE_VERSION "1.0"
| #define PACKAGE_STRING "until 1.0"
| #define PACKAGE_BUGREPORT "bug-until@beneschtech.com"
| #define PACKAGE_URL ""
| #define PACKAGE "until"
| #define VERSION "1.0"
| /* end confdefs.h.  */
| #include <ac_nonexistent.h>
configure:3922: result: gcc -E
configure:3942: gcc -E  conftest.c
configure:3942: $? = 0
configure:3956: gcc -E  conftest.c
conftest.c:11:10: fatal error: ac_nonexistent.h: No such file or directory
 #include <ac_nonexistent.h>
          ^~~~~~~~~~~~~~~~~~
compilation terminated.
configure:3956: $? = 1
configure: failed program was:
| /* confdefs.h */
| #define PACKAGE_NAME "until"
| #define PACKAGE_TARNAME "until"
| #define PACKAGE_VERSION "1.0"
| #define PACKAGE_STRING "until 1.0"
| #define PACKAGE_BUGREPORT "bug-until@beneschtech.com"
| #define PACKAGE_URL ""
| #define PACKAGE "until"
| #define VERSION "1.0"
| /* end confdefs.h.  */
| #include <ac_nonexistent.h>
configure:3985: checking for grep that handles long lines and -e
configure:4043: result: /usr/bin/grep
configure:4048: checking for egrep
configure:4110: result: /usr/bin/grep -E
configure:4115: checking for ANSI C header files
configure:4135: gcc -c -g -O2  conftest.c >&5
configure:4135: $? = 0
configure:4208: gcc -o conftest -g -O2   conftest.c  >&5
configure:4208: $? = 0
configure:4208: ./conftest
configure:4208: $? = 0
configure:4219: result: yes
configure:4232: checking for sys/types.h
configure:4232: gcc -c -g -O2  conftest.c >&5
configure:4232: $? = 0
configure:4232: result: yes
configure:4232: checking for sys/stat.h
configure:4232: gcc -c -g -O2  conftest.c >&5
configure:4232: $? = 0
configure:4232: result: yes
configure:4232: checking for stdlib.h
configure:4232: gcc -c -g -O2  conftest.c >&5
configure:4232: $? = 0
configure:4232: result: yes
configure:4232: checking for string.h
configure:4232: gcc -c -g -O2  conftest.c >&5
configure:4232: $? = 0
configure:4232: result: yes
configure:4232: checking for memory.h
configure:4232: gcc -c -g -O2  conftest.c >&5
configure:4232: $? = 0
configure:4232: result: yes
configure:4232: checking for strings.h
configure:4232: gcc -c -g -O2  conftest.c >&5
configure:4232: $? = 0
configure:4232: result: yes
configure:4232: checking for inttypes.h
configure:4232: gcc -c -g -O2  conftest.c >&5
configure:4232: $? = 0
configure:4232: result: yes
configure:4232: checking for stdint.h
configure:4232: gcc -c -g -O2  conftest.c >&5
configure:4232: $? = 0
configure:4232: result: yes
configure:4232: checking for unistd.h
configure:4232: gcc -c -g -O2  conftest.c >&5
configure:4232: $? = 0
configure:4232: result: yes
configure:4244: checking for size_t
configure:4244: gcc -c -g -O2  conftest.c >&5
configure:4244: $? = 0
configure:4244: gcc -c -g -O2  conftest.c >&5
conftest.c: In function 'main':
conftest.c:57:21: error: expected expression before ')' token
 if (sizeof ((size_t)))
                     ^
configure:4244: $? = 1
configure: failed program was:
| /* confdefs.h */
| #define PACKAGE_NAME "until"
| #define PACKAGE_TARNAME "until"
| #define PACKAGE_VERSION "1.0"
| #define PACKAGE_STRING "until 1.0"
| #define PACKAGE_BUGREPORT "bug-until@beneschtech.com"
| #define PACKAGE_URL ""
| #define PACKAGE "until"
| #define VERSION "1.0"
| #define STDC_HEADERS 1
| #define HAVE_SYS_TYPES_H 1
| #define HAVE_SYS_STAT_H 1
| #define HAVE_STDLIB_H 1
| #define HAVE_STRING_H 1
| #define HAVE_MEMORY_H 1
| #define HAVE_STRINGS_H 1
| #define HAVE_INTTYPES_H 1
| #define HAVE_STDINT_H 1
| #define HAVE_UNISTD_H 1
| /* end confdefs.h.  */
| #include <stdio.h>
| #ifdef HAVE_SYS_TYPES_H
| # include <sys/types.h>
| #endif
| #ifdef HAVE_SYS_STAT_H
| # include <sys/stat.h>
| #endif
| #ifdef STDC_HEADERS
| # include <stdlib.h>
| # include <stddef.h>
| #else
| # ifdef HAVE_STDLIB_H
| #  include <stdlib.h>
| # endif
| #endif
| #ifdef HAVE_STRING_H
| # if !defined STDC_HEADERS && defined HAVE_MEMORY_H
| #  include <memory.h>
| # endif
| # include <string.h>
| #endif
| #ifdef HAVE_STRINGS_H
| # include <strings.h>
| #endif
| #ifdef HAVE_INTTYPES_H
| # include <inttypes.h>
| #endif
| #ifdef HAVE_STDINT_H
| # include <stdint.h>
| #endif
| #ifdef HAVE_UNISTD_H
| # include <unistd.h>
| #endif
| int
| main ()
| {
| if (sizeof ((size_t)))
| 	    return 0;
|   ;
|   return 0;
| }
configure:4244: result: yes
configure:4255: checking for pid_t
configure:4255: gcc -c -g -O2  conftest.c >&5
configure:4255: $? = 0
configure:4255: gcc -c -g -O2  conftest.c >&5
conftest.c: In function 'main':
conftest.c:57:20: error: expected expression before ')' token
 if (sizeof ((pid_t)))
                    ^
configure:4255: $? = 1
configure: failed program was:
| /* confdefs.h */
| #define PACKAGE_NAME "until"
| #define PACKAGE_TARNAME "until"
| #define PACKAGE_VERSION "1.0"
| #define PACKAGE_STRING "until 1.0"
| #define PACKAGE_BUGREPORT "bug-until@beneschtech.com"
| #define PACKAGE_URL ""
| #define PACKAGE "until"
| #define VERSION "1.0"
| #define STDC_HEADERS 1
| #define HAVE_SYS_TYPES_H 1
| #define HAVE_SYS_STAT_H 1
| #define HAVE_STDLIB_H 1
| #define HAVE_STRING_H 1
| #define HAVE_MEMORY_H 1
| #define HAVE_STRINGS_H 1
| #define HAVE_INTTYPES_H 1
| #define HAVE_STDINT_H 1
| #define HAVE_UNISTD_H 1
| /* end confdefs.h.  */
| #include <stdio.h>
| #ifdef HAVE_SYS_TYPES_H
| # include <sys/types.h>
| #endif
| #ifdef HAVE_SYS_STAT_H
| # include <sys/stat.h>
| #endif
| #ifdef STDC_HEADERS
| # include <stdlib.h>
| # include <stddef.h>
| #else
| # ifdef HAVE_STDLIB_H
| #  include <stdlib.h>
| # endif
| #endif
| #ifdef HAVE_STRING_H
| # if !defined STDC_HEADERS && defined HAVE_MEMORY_H
| #  include <memory.h>
| # endif
| # include <string.h>
| #endif
| #ifdef HAVE_STRINGS_H
| # include <strings.h>
| #endif
| #ifdef HAVE_INTTYPES_H
| # include <inttypes.h>
| #endif
| #ifdef HAVE_STDINT_H
| # include <stdint.h>
| #endif
| #ifdef HAVE_UNISTD_H
| # include <unistd.h>
| #endif
| int
| main ()
| {
| if (sizeof ((pid_t)))
| 	    return 0;
|   ;
|   return 0;
| }
configure:4255: result: yes
configure:4266: checking for ssize_t
configure:4266: gcc -c -g -O2  conftest.c >&5
configure:4266: $? = 0
configure:4266: gcc -c -g -O2  conftest.c >&5
conftest.c: In function 'main':
conftest.c:57:22: error: expected expression before ')' token
 if (sizeof ((ssize_t)))
                      ^
configure:4266: $? = 1
configure: failed program was:
| /* confdefs.h */
| #define PACKAGE_NAME "until"
| #define PACKAGE_TARNAME "until"
| #define PACKAGE_VERSION "1.0"
| #define PACKAGE_STRING "until 1.0"
| #define PACKAGE_BUGREPORT "bug-until@beneschtech.com"
| #define PACKAGE_URL ""
| #define PACKAGE "until"
| #define VERSION "1.0"
| #define STDC_HEADERS 1
| #define HAVE_SYS_TYPES_H 1
| #define HAVE_SYS_STAT_H 1
| #define HAVE_STDLIB_H 1
| #define HAVE_STRING_H 1
| #define HAVE_MEMORY_H 1
| #define HAVE_STRINGS_H 1
| #define HAVE_INTTYPES_H 1
| #define HAVE_STDINT_H 1
| #define HAVE_UNISTD_H 1
| /* end confdefs.h.  */
| #include <stdio.h>
| #ifdef HAVE_SYS_TYPES_H
| # include <sys/types.h>
| #endif
| #ifdef HAVE_SYS_STAT_H
| # include <sys/stat.h>
| #endif
| #ifdef STDC_HEADERS
| # include <stdlib.h>
| # include <stddef.h>
| #else
| # ifdef HAVE_STDLIB_H
| #  include <stdlib.h>
| # endif
| #endif
| #ifdef HAVE_STRING_H
| # if !defined STDC_HEADERS && defined HAVE_MEMORY_H
| #  include <memory.h>
| # endif
| # include <string.h>
| #endif
| #ifdef HAVE_STRINGS_H
| # include <strings.h>
| #endif
| #ifdef HAVE_INTTYPES_H
| # include <inttypes.h>
| #endif
| #ifdef HAVE_STDINT_H
| # include <stdint.h>
| #endif
| #ifdef HAVE_UNISTD_H
| # include <unistd.h>
| #endif
| int
| main ()
| {
| if (sizeof ((ssize_t)))
| 	    return 0;
|   ;
|   return 0;
| }
configure:4266: result: yes
configure:4278: checking for stdbool.h that conforms to C99
configure:4345: gcc -c -g -O2  conftest.c >&5
configure:4345: $? = 0
configure:4352: result: yes
configure:4354: checking for _Bool
configure:4354: gcc -c -g -O2  conftest.c >&5
configure:4354: $? = 0
configure:4354: gcc -c -g -O2  conftest.c >&5
conftest.c: In function 'main':
conftest.c:57:20: error: expected expression before ')' token
 if (sizeof ((_Bool)))
                    ^
configure:4354: $? = 1
configure: failed program was:
| /* confdefs.h */
| #define PACKAGE_NAME "until"
| #define PACKAGE_TARNAME "until"
| #define PACKAGE_VERSION "1.0"
| #define PACKAGE_STRING "until 1.0"
| #define PACKAGE_BUGREPORT "bug-until@beneschtech.com"
| #define PACKAGE_URL ""
| #define PACKAGE "until"
| #define VERSION "1.0"
| #define STDC_HEADERS 1
| #define HAVE_SYS_TYPES_H 1
| #define HAVE_SYS_STAT_H 1
| #define HAVE_STDLIB_H 1
| #define HAVE_STRING_H 1
| #define HAVE_MEMORY_H 1
| #define HAVE_STRINGS_H 1
| #define HAVE_INTTYPES_H 1
| #define HAVE_STDINT_H 1
| #define HAVE_UNISTD_H 1
| /* end confdefs.h.  */
| #include <stdio.h>
| #ifdef HAVE_SYS_TYPES_H
| # include <sys/types.h>
| #endif
| #ifdef HAVE_SYS_STAT_H
| # include <sys/stat.h>
| #endif
| #ifdef STDC_HEADERS
| # include <stdlib.h>
| # include <stddef.h>
| #else
| # ifdef HAVE_STDLIB_H
| #  include <stdlib.h>
| # endif
| #endif
| #ifdef HAVE_STRING_H
| # if !defined STDC_HEADERS && defined HAVE_MEMORY_H
| #  include <memory.h>
| # endif
| # include <string.h>
| #endif
| #ifdef HAVE_STRINGS_H
| # include <strings.h>
| #endif
| #ifdef HAVE_INTTYPES_H
| # include <inttypes.h>
| #endif
| #ifdef HAVE_STDINT_H
| # include <stdint.h>
| #endif
| #ifdef HAVE_UNISTD_H
| # include <unistd.h>
| #endif
| int
| main ()
| {
| if (sizeof ((_Bool)))
| 	    return 0;
|   ;
|   return 0;
| }
configure:4354: result: yes
configure:4367: checking for stdlib.h
configure:4367: result: yes
configure:4379: checking for string.h
configure:4379: result: yes
configure:4391: checking for unistd.h
configure:4391: result: yes
configure:4404: checking for memset
configure:4404: gcc -o conftest -g -O2   conftest.c  >&5
conftest.c:48:6: warning: conflicting types for built-in function 'memset' [-Wbuiltin-declaration-mismatch]
 char memset ();
      ^~~~~~
configure:4404: $? = 0
configure:4404: result: yes
configure:4415: checking for strdup
configure:4415: gcc -o conftest -g -O2   conftest.c  >&5
conftest.c:49:6: warning: conflicting types for built-in function 'strdup' [-Wbuiltin-declaration-mismatch]
 char strdup ();
      ^~~~~~
configure:4415: $? = 0
configure:4415: result: yes
configure:4426: checking for dup2
configure:4426: gcc -o conftest -g -O2   conftest.c  >&5
configure:4426: $? = 0
configure:4426: result: yes
configure:4437: checking for strstr
configure:4437: gcc -o conftest -g -O2   conftest.c  >&5
conftest.c:51:6: warning: conflicting types for built-in function 'strstr' [-Wbuiltin-declaration-mismatch]
 char strstr ();
      ^~~~~~
configure:4437: $? = 0
configure:4437: result: yes
configure:4448: checking vfork.h usability
configure:4448: gcc -c -g -O2  conftest.c >&5
conftest.c:62:10: fatal error: vfork.h: No such file or directory
 #include <vfork.h>
          ^~~~~~~~~
compilation terminated.
configure:4448: $? = 1
configure: failed program was:
| /* confdefs.h */
| #define PACKAGE_NAME "until"
| #define PACKAGE_TARNAME "until"
| #define PACKAGE_VERSION "1.0"
| #define PACKAGE_STRING "until 1.0"
| #define PACKAGE_BUGREPORT "bug-until@beneschtech.com"
| #define PACKAGE_URL ""
| #define PACKAGE "until"
| #define VERSION "1.0"
| #define STDC_HEADERS 1
| #define HAVE_SYS_TYPES_H 1
| #define HAVE_SYS_STAT_H 1
| #define HAVE_STDLIB_H 1
| #define HAVE_STRING_H 1
| #define HAVE_MEMORY_H 1
| #define HAVE_STRINGS_H 1
| #define HAVE_INTTYPES_H 1
| #define HAVE_STDINT_H 1
| #define HAVE_UNISTD_H 1
| #define HAVE__BOOL 1
| #define HAVE_STDLIB_H 1
| #define HAVE_STRING_H 1
| #define HAVE_UNISTD_H 1
| #define HAVE_MEMSET 1
| #define HAVE_STRDUP 1
| #define HAVE_DUP2 1
| #define HAVE_STRSTR 1
| /* end confdefs.h.  */
| #include <stdio.h>
| #ifdef HAVE_SYS_TYPES_H
| # include <sys/types.h>
| #endif
| #ifdef HAVE_SYS_STAT_H
| # include <sys/stat.h>
| #endif
| #ifdef STDC_HEADERS
| # include <stdlib.h>
| # include <stddef.h>
| #else
| # ifdef HAVE_STDLIB_H
| #  include <stdlib.h>
| # endif
| #endif
| #ifdef HAVE_STRING_H
| # if !defined STDC_HEADERS && defined HAVE_MEMORY_H
| #  include <memory.h>
| # endif
| # include <string.h>
| #endif
| #ifdef HAVE_STRINGS_H
| # include <strings.h>
| #endif
| #ifdef HAVE_INTTYPES_H
| # include <inttypes.h>
| #endif
| #ifdef HAVE_STDINT_H
| # include <stdint.h>
| #endif
| #ifdef HAVE_UNISTD_H
| # include <unistd.h>
| #endif
| #include <vfork.h>
configure:4448: result: no
configure:4448: checking vfork.h presence
configure:4448: gcc -E  conftest.c
conftest.c:29:10: fatal error: vfork.h: No such file or directory
 #include <vfork.h>
          ^~~~~~~~~
compilation terminated.
configure:4448: $? = 1
configure: failed program was:
| /* confdefs.h */
| #define PACKAGE_NAME "until"
| #define PACKAGE_TARNAME "until"
| #define PACKAGE_VERSION "1.0"
| #define PACKAGE_STRING "until 1.0"
| #define PACKAGE_BUGREPORT "bug-until@beneschtech.com"
| #define PACKAGE_URL ""
| #define PACKAGE "until"
| #define VERSION "1.0"
| #define STDC_HEADERS 1
| #define HAVE_SYS_TYPES_H 1
| #define HAVE_SYS_STAT_H 1
| #define HAVE_STDLIB_H 1
| #define HAVE_STRING_H 1
| #define HAVE_MEMORY_H 1
| #define HAVE_STRINGS_H 1
| #define HAVE_INTTYPES_H 1
| #define HAVE_STDINT_H 1
| #define HAVE_UNISTD_H 1
| #define HAVE__BOOL 1
| #define HAVE_STDLIB_H 1
| #define HAVE_STRING_H 1
| #define HAVE_UNISTD_H 1
| #define HAVE_MEMSET 1
| #define HAVE_STRDUP 1
| #define HAVE_DUP2 1
| #define HAVE_STRSTR 1
| /* end confdefs.h.  */
| #include <vfork.h>
configure:4448: result: no
configure:4448: checking for vfork.h
configure:4448: result: no
configure:4461: checking for fork
configure:4461: gcc -o conftest -g -O2   conftest.c  >&5
conftest.c:52:6: warning: conflicting types for built-in function 'fork' [-Wbuiltin-declaration-mismatch]
 char fork ();
      ^~~~
configure:4461: $? = 0
configure:4461: result: yes
configure:4461: checking for vfork
configure:4461: gcc -o conftest -g -O2   conftest.c  >&5
configure:4461: $? = 0
configure:4461: result: yes
configure:4471: checking for working fork
configure:4493: gcc -o conftest -g -O2   conftest.c  >&5
configure:4493: $? = 0
configure:4493: ./conftest
configure:4493: $? = 0
configure:4503: result: yes
configure:4524: checking for working vfork
configure:4634: result: yes
configure:4661: checking for stdlib.h
configure:4661: result: yes
configure:4671: checking for GNU libc compatible malloc
configure:4695: gcc -o conftest -g -O2   conftest.c  >&5
configure:4695: $? = 0
configure:4695: ./conftest
configure:4695: $? = 0
configure:4705: result: yes
configure:4728: checking for stdlib.h
configure:4728: result: yes
configure:4738: checking for GNU libc compatible realloc
configure:4762: gcc -o conftest -g -O2   conftest.c  >&5
configure:4762: $? = 0
configure:4762: ./conftest
configure:4762: $? = 0
configure:4772: result: yes
configure:4905: checking that generated files are newer than configure
configure:4911: result: done
configure:4934: creating ./config.status

## ---------------- ##
## Cache variables. ##
## ---------------- ##

ac_cv_c_compiler_gnu=yes
ac_cv_env_CC_set=
ac_cv_env_CC_value=
ac_cv_env_CFLAGS_set=
ac_cv_env_CFLAGS_value=
ac_cv_env_CPPFLAGS_set=
ac_cv_env_CPPFLAGS_value=
ac_cv_env_CPP_set=
ac_cv_env_CPP_value=
ac_cv_env_LDFLAGS_set=
ac_cv_env_LDFLAGS_value=
ac_cv_env_LIBS_set=
ac_cv_env_LIBS_value=
ac_cv_env_build_alias_set=
ac_cv_env_build_alias_value=
ac_cv_env_host_alias_set=
ac_cv_env_host_alias_value=
ac_cv_env_target_alias_set=
ac_cv_env_target_alias_value=
ac_cv_func_dup2=yes
ac_cv_func_fork=yes
ac_cv_func_fork_works=yes
ac_cv_func_malloc_0_nonnull=yes
ac_cv_func_memset=yes
ac_cv_func_realloc_0_nonnull=yes
ac_cv_func_strdup=yes
ac_cv_func_strstr=yes
ac_cv_func_vfork=yes
ac_cv_func_vfork_works=yes
ac_cv_header_inttypes_h=yes
ac_cv_header_memory_h=yes
ac_cv_header_stdbool_h=yes
ac_cv_header_stdc=yes
ac_cv_header_stdint_h=yes
ac_cv_header_stdlib_h=yes
ac_cv_header_string_h=yes
ac_cv_header_strings_h=yes
ac_cv_header_sys_stat_h=yes
ac_cv_header_sys_types_h=yes
ac_cv_header_unistd_h=yes
ac_cv_header_vfork_h=no
ac_cv_objext=o
ac_cv_path_EGREP='/usr/bin/grep -E'
ac_cv_path_GREP=/usr/bin/grep
ac_cv_path_install='/usr/bin/install -c'
ac_cv_path_mkdir=/usr/bin/mkdir
ac_cv_prog_AWK=gawk
ac_cv_prog_CPP='gcc -E'
ac_cv_prog_ac_ct_CC=gcc
ac_cv_prog_cc_c89=
ac_cv_prog_cc_g=yes
ac_cv_prog_make_make_set=yes
ac_cv_type__Bool=yes
ac_cv_type_pid_t=yes
ac_cv_type_size_t=yes
ac_cv_type_ssize_t=yes
am_cv_CC_dependencies_compiler_type=gcc3
am_cv_make_support_nested_variables=yes
am_cv_prog_cc_c_o=yes

## ----------------- ##
## Output variables. ##
## ----------------- ##

ACLOCAL='${SHELL} /opt/beneschtech/until/missing aclocal-1.16'
AMDEPBACKSLASH='\'
AMDEP_FALSE='#'
AMDEP_TRUE=''
AMTAR='$${TAR-tar}'
AM_BACKSLASH='\'
AM_DEFAULT_V='$(AM_DEFAULT_VERBOSITY)'
AM_DEFAULT_VERBOSITY='1'
AM_V='$(V)'
AUTOCONF='${SHELL} /opt/beneschtech/until/missing autoconf'
AUTOHEADER='${SHELL} /opt/beneschtech/until/missing autoheader'
AUTOMAKE='${SHELL} /opt/beneschtech/until/missing automake-1.16'
AWK='gawk'
CC='gcc'
CCDEPMODE='depmode=gcc3'
CFLAGS='-g -O2'
CPP='gcc -E'
CPPFLAGS=''
CYGPATH_W='echo'
DEFS='-DHAVE_CONFIG_H'
DEPDIR='.deps'
ECHO_C=''
ECHO_N='-n'
ECHO_T=''
EGREP='/usr/bin/grep -E'
EXEEXT=''
GREP='/usr/bin/grep'
INSTALL_DATA='${INSTALL} -m 644'
INSTALL_PROGRAM='${INSTALL}'
INSTALL_SCRIPT='${INSTALL}'
INSTALL_STRIP_PROGRAM='$(install_sh) -c -s'
LDFLAGS=''
LIBOBJS=''
LIBS=''
LTLIBOBJS=''
MAKEINFO='${SHELL} /opt/beneschtech/until/missing makeinfo'
MKDIR_P='/usr/bin/mkdir -p'
OBJEXT='o'
PACKAGE='until'
PACKAGE_BUGREPORT='bug-until@beneschtech.com'
PACKAGE_NAME='until'
PACKAGE_STRING='until 1.0'
PACKAGE_TARNAME='until'
PACKAGE_URL=''
PACKAGE_VERSION='1.0'
PATH_SEPARATOR=':'
SET_MAKE=''
SHELL='/bin/sh'
STRIP=''
VERSION='1.0'
ac_ct_CC='gcc'
am__EXEEXT_FALSE=''
am__EXEEXT_TRUE='#'
am__fastdepCC_FALSE='#'
am__fastdepCC_TRUE=''
am__include='include'
am__isrc=''
am__leading_dot='.'
am__nodep='_no'
am__quote=''
am__tar='$${TAR-tar} chof - "$$tardir"'
am__untar='$${TAR-tar} xf -'
bindir='${exec_prefix}/bin'
build_alias=''
datadir='${datarootdir}'
datarootdir='${prefix}/share'
docdir='${datarootdir}/doc/${PACKAGE_TARNAME}'
dvidir='${docdir}'
exec_prefix='${prefix}'
host_alias=''
htmldir='${docdir}'
includedir='${prefix}/include'
infodir='${datarootdir}/info'
install_sh='${SHELL} /opt/beneschtech/until/install-sh'
libdir='${exec_prefix}/lib'
libexecdir='${exec_prefix}/libexec'
localedir='${datarootdir}/locale'
localstatedir='${prefix}/var'
mandir='${datarootdir}/man'
mkdir_p='$(MKDIR_P)'
oldincludedir='/usr/include'
pdfdir='${docdir}'
prefix='/opt/beneschtech/installtest'
program_transform_name='s,x,x,'
psdir='${docdir}'
sbindir='${exec_prefix}/sbin'
sharedstatedir='${prefix}/com'
sysconfdir='${prefix}/etc'
target_alias=''

## ----------- ##
## confdefs.h. ##
## ----------- ##

/* confdefs.h */
#define PACKAGE_NAME "until"
#define PACKAGE_TARNAME "until"
#define PACKAGE_VERSION "1.0"
#define PACKAGE_STRING "until 1.0"
#define PACKAGE_BUGREPORT "bug-until@beneschtech.com"
#define PACKAGE_URL ""
#define PACKAGE "until"
#define VERSION "1.0"
#define STDC_HEADERS 1
#define HAVE_SYS_TYPES_H 1
#define HAVE_SYS_STAT_H 1
#define HAVE_STDLIB_H 1
#define HAVE_STRING_H 1
#define HAVE_MEMORY_H 1
#define HAVE_STRINGS_H 1
#define HAVE_INTTYPES_H 1
#define HAVE_STDINT_H 1
#define HAVE_UNISTD_H 1
#define HAVE__BOOL 1
#define HAVE_STDLIB_H 1
#define HAVE_STRING_H 1
#define HAVE_UNISTD_H 1
#define HAVE_MEMSET 1
#define HAVE_STRDUP 1
#define HAVE_DUP2 1
#define HAVE_STRSTR 1
#define HAVE_FORK 1
#define HAVE_VFORK 1
#define HAVE_WORKING_VFORK 1
#define HAVE_WORKING_FORK 1
#define HAVE_STDLIB_H 1
#define HAVE_MALLOC 1
#define HAVE_STDLIB_H 1
#define HAVE_REALLOC 1

configure: exit 0

## ---------------------- ##
## Running config.status. ##
## ---------------------- ##

This file was extended by until config.status 1.0, which was
generated by GNU Autoconf 2.69.  Invocation command line was

  CONFIG_FILES    = 
  CONFIG_HEADERS  = 
  CONFIG_LINKS    = 
  CONFIG_COMMANDS = 
  $ ./config.status 

on workstation01

config.status:870: creating Makefile
config.status:870: creating src/Makefile
config.status:870: creating doc/Makefile
config.status:870: creating config.h
config.status:1051: config.h is unchanged
config.status:1099: executing depfiles commands
config.status:1176: cd src       && sed -e '/# am--include-marker/d' Makefile         | make -f - am--depfiles
make[1]: Entering directory '/opt/beneschtech/until/src'
make[1]: Nothing to be done for 'am--depfiles'.
make[1]: Leaving directory '/opt/beneschtech/until/src'
config.status:1181: $? = 0

## ---------------------- ##
## Running config.status. ##
## ---------------------- ##

This file was extended by until config.status 1.0, which was
generated by GNU Autoconf 2.69.  Invocation command line was

  CONFIG_FILES    = 
  CONFIG_HEADERS  = 
  CONFIG_LINKS    = 
  CONFIG_COMMANDS = 
  $ ./config.status config.h

on workstation01

config.status:870: creating config.h
config.status:1051: config.h is unchanged
